0 info it worked if it ends with ok
1 verbose cli [ 'C:\\Program Files (x86)\\node\\node.exe',
1 verbose cli   'C:\\Program Files (x86)\\node\\node_modules\\npm\\bin\\npm-cli.js',
1 verbose cli   'start' ]
2 info using npm@3.10.10
3 info using node@v6.10.1
4 verbose run-script [ 'prestart', 'start', 'poststart' ]
5 info lifecycle app.js@0.1.0~prestart: app.js@0.1.0
6 silly lifecycle app.js@0.1.0~prestart: no script for prestart, continuing
7 info lifecycle app.js@0.1.0~start: app.js@0.1.0
8 verbose lifecycle app.js@0.1.0~start: unsafe-perm in lifecycle true
9 verbose lifecycle app.js@0.1.0~start: PATH: C:\Program Files (x86)\node\node_modules\npm\bin\node-gyp-bin;C:\Users\tomec\OneDrive\Documents\WebApp Project\app.js\node_modules\.bin;C:\Users\tomec\algs4\java\bin;C:\Program Files (x86)\Intel\iCLS Client\;C:\Program Files\Intel\iCLS Client\;C:\Windows\system32;C:\Windows;C:\Windows\System32\Wbem;C:\Windows\System32\WindowsPowerShell\v1.0\;C:\Program Files (x86)\Intel\Intel(R) Management Engine Components\DAL;C:\Program Files\Intel\Intel(R) Management Engine Components\DAL;C:\Program Files (x86)\Intel\Intel(R) Management Engine Components\IPT;C:\Program Files\Intel\Intel(R) Management Engine Components\IPT;C:\Program Files (x86)\Git\cmd;C:\Program Files (x86)\node\;C:\Program Files (x86)\UltraEdit;C:\Program Files\Intel\WiFi\bin\;C:\Program Files\Common Files\Intel\WirelessCommon\;C:\Users\tomec\algs4\bin;C:\Users\tomec\algs4\java\bin;C:\Users\tomec\Anaconda3;C:\Users\tomec\Anaconda3\Scripts;C:\Users\tomec\Anaconda3\Library\bin;C:\Users\tomec\AppData\Local\Programs\Python\Python36-32\Scripts\;C:\Users\tomec\AppData\Local\Programs\Python\Python36-32\;C:\Users\tomec\AppData\Local\Microsoft\WindowsApps;C:\Users\tomec\AppData\Local\atom\bin;C:\Users\tomec\AppData\Roaming\npm
10 verbose lifecycle app.js@0.1.0~start: CWD: C:\Users\tomec\OneDrive\Documents\WebApp Project\app.js
11 silly lifecycle app.js@0.1.0~start: Args: [ '/d /s /c', 'react-scripts start' ]
12 verbose stack Error: kill ENOSYS
12 verbose stack     at exports._errnoException (util.js:1018:11)
12 verbose stack     at process.kill (internal/process.js:190:13)
12 verbose stack     at process.listener (C:\Program Files (x86)\node\node_modules\npm\node_modules\npmlog\node_modules\gauge\node_modules\signal-exit\index.js:86:15)
12 verbose stack     at emitNone (events.js:91:20)
12 verbose stack     at process.emit (events.js:185:7)
12 verbose stack     at processEmit (C:\Program Files (x86)\node\node_modules\npm\node_modules\npmlog\node_modules\gauge\node_modules\signal-exit\index.js:146:32)
12 verbose stack     at processEmit (C:\Program Files (x86)\node\node_modules\npm\node_modules\npm-registry-client\node_modules\npmlog\node_modules\gauge\node_modules\signal-exit\index.js:146:32)
12 verbose stack     at Signal.wrap.onsignal (internal/process.js:217:44)
13 verbose cwd C:\Users\tomec\OneDrive\Documents\WebApp Project\app.js
14 error Windows_NT 10.0.14393
15 error argv "C:\\Program Files (x86)\\node\\node.exe" "C:\\Program Files (x86)\\node\\node_modules\\npm\\bin\\npm-cli.js" "start"
16 error node v6.10.1
17 error npm  v3.10.10
18 error code ENOSYS
19 error errno ENOSYS
20 error syscall kill
21 error kill ENOSYS
22 error If you need help, you may report this error at:
22 error     <https://github.com/npm/npm/issues>
23 verbose exit [ 1, true ]
